[19:57:07] [Server thread/INFO]: Starting minecraft server version 1.7.2
[19:57:07] [Server thread/WARN]: To start the server with more ram, launch it as "java -Xmx1024M -Xms1024M -jar minecraft_server.jar"
[19:57:07] [Server thread/INFO]: Loading properties
[19:57:07] [Server thread/WARN]: server.properties does not exist
[19:57:07] [Server console handler/ERROR]: Exception handling console input
java.io.IOException: The handle is invalid
	at java.io.FileInputStream.readBytes(Native Method) ~[?:1.7.0_45]
	at java.io.FileInputStream.read(Unknown Source) ~[?:1.7.0_45]
	at java.io.BufferedInputStream.read1(Unknown Source) ~[?:1.7.0_45]
	at java.io.BufferedInputStream.read(Unknown Source) ~[?:1.7.0_45]
	at sun.nio.cs.StreamDecoder.readBytes(Unknown Source) ~[?:1.7.0_45]
	at sun.nio.cs.StreamDecoder.implRead(Unknown Source) ~[?:1.7.0_45]
	at sun.nio.cs.StreamDecoder.read(Unknown Source) ~[?:1.7.0_45]
	at java.io.InputStreamReader.read(Unknown Source) ~[?:1.7.0_45]
	at java.io.BufferedReader.fill(Unknown Source) ~[?:1.7.0_45]
	at java.io.BufferedReader.readLine(Unknown Source) ~[?:1.7.0_45]
	at java.io.BufferedReader.readLine(Unknown Source) ~[?:1.7.0_45]
	at ll.run(SourceFile:78) [minecraft_server.1.7.2.jar:?]
[19:57:07] [Server thread/INFO]: Generating new properties file
[19:57:07] [Server thread/INFO]: Default game type: SURVIVAL
[19:57:07] [Server thread/INFO]: Generating keypair
[19:57:07] [Server thread/INFO]: Starting Minecraft server on *:25565
[19:57:07] [Server thread/WARN]: Failed to load operators list: java.io.FileNotFoundException: .\ops.txt (The system cannot find the file specified)
[19:57:07] [Server thread/WARN]: Failed to load white-list: java.io.FileNotFoundException: .\white-list.txt (The system cannot find the file specified)
[19:57:07] [Server thread/INFO]: Preparing level "world"
[19:57:07] [Server thread/WARN]: Unable to find spawn biome
[19:57:08] [Server thread/INFO]: Preparing start region for level 0
[19:57:09] [Server thread/INFO]: Preparing spawn area: 8%
[19:57:10] [Server thread/INFO]: Preparing spawn area: 15%
[19:57:11] [Server thread/INFO]: Preparing spawn area: 22%
[19:57:12] [Server thread/INFO]: Preparing spawn area: 30%
[19:57:13] [Server thread/INFO]: Preparing spawn area: 38%
[19:57:14] [Server thread/INFO]: Preparing spawn area: 46%
[19:57:16] [Server thread/INFO]: Preparing spawn area: 54%
[19:57:17] [Server thread/INFO]: Preparing spawn area: 61%
[19:57:18] [Server thread/INFO]: Preparing spawn area: 69%
[19:57:19] [Server thread/INFO]: Preparing spawn area: 77%
[19:57:20] [Server thread/INFO]: Preparing spawn area: 84%
[19:57:21] [Server thread/INFO]: Preparing spawn area: 91%
[19:57:22] [Server thread/INFO]: Preparing spawn area: 98%
[19:57:22] [Server thread/INFO]: Done (14.808s)! For help, type "help" or "?"
[19:57:28] [Server thread/INFO]: Unknown command. Try /help for a list of commands
[19:57:30] [Server thread/INFO]: Unknown command. Try /help for a list of commands
[19:57:31] [Server thread/INFO]: Unknown command. Try /help for a list of commands
[19:57:32] [Server thread/INFO]: --- Showing help page 1 of 7 (/help <page>) ---
[19:57:32] [Server thread/INFO]: /achievement give <stat_name> [player]
[19:57:32] [Server thread/INFO]: /ban <name> [reason ...]
[19:57:32] [Server thread/INFO]: /ban-ip <address|name> [reason ...]
[19:57:32] [Server thread/INFO]: /banlist [ips|players]
[19:57:32] [Server thread/INFO]: /clear <player> [item] [data]
[19:57:32] [Server thread/INFO]: /debug <start|stop>
[19:57:32] [Server thread/INFO]: /defaultgamemode <mode>
[19:57:36] [Server thread/INFO]: --- Showing help page 1 of 7 (/help <page>) ---
[19:57:36] [Server thread/INFO]: /achievement give <stat_name> [player]
[19:57:36] [Server thread/INFO]: /ban <name> [reason ...]
[19:57:36] [Server thread/INFO]: /ban-ip <address|name> [reason ...]
[19:57:36] [Server thread/INFO]: /banlist [ips|players]
[19:57:36] [Server thread/INFO]: /clear <player> [item] [data]
[19:57:36] [Server thread/INFO]: /debug <start|stop>
[19:57:36] [Server thread/INFO]: /defaultgamemode <mode>
[19:57:39] [Server thread/INFO]: --- Showing help page 2 of 7 (/help <page>) ---
[19:57:39] [Server thread/INFO]: /deop <player>
[19:57:39] [Server thread/INFO]: /difficulty <new difficulty>
[19:57:39] [Server thread/INFO]: /effect <player> <effect> [seconds] [amplifier]
[19:57:39] [Server thread/INFO]: /enchant <player> <enchantment ID> [level]
[19:57:39] [Server thread/INFO]: /gamemode <mode> [player]
[19:57:39] [Server thread/INFO]: /gamerule <rule name> <value> OR /gamerule <rule name>
[19:57:39] [Server thread/INFO]: /give <player> <item> [amount] [data] [dataTag]
[19:57:41] [Server thread/INFO]: --- Showing help page 3 of 7 (/help <page>) ---
[19:57:41] [Server thread/INFO]: /help [page|command name]
[19:57:41] [Server thread/INFO]: /kick <player> [reason ...]
[19:57:41] [Server thread/INFO]: /kill
[19:57:41] [Server thread/INFO]: /list
[19:57:41] [Server thread/INFO]: /me <action ...>
[19:57:41] [Server thread/INFO]: /op <player>
[19:57:41] [Server thread/INFO]: /pardon <name>
[19:57:43] [Server thread/INFO]: Stopping the server
[19:57:43] [Server thread/INFO]: Stopping server
[19:57:43] [Server thread/INFO]: Saving players
[19:57:43] [Server thread/INFO]: Saving worlds
[19:57:43] [Server thread/INFO]: Saving chunks for level 'world'/Overworld
[19:57:43] [Server thread/INFO]: Saving chunks for level 'world'/Nether
[19:57:43] [Server thread/INFO]: Saving chunks for level 'world'/The End
[19:57:44] [Server Shutdown Thread/INFO]: Stopping server
